Using pre-set license
Built from '2020.3/staging' branch; Version is '2020.3.0f1 (c7b5465681fb) revision 13088070'; Using compiler version '192528614'; Build Type 'Release'
OS: 'Windows 10 Home; OS build 19042.1526; Version 2009; 64bit' Language: 'en' Physical Memory: 16331 MB
BatchMode: 1, IsHumanControllingUs: 0, StartBugReporterOnCrash: 0, Is64bit: 1, IsPro: 0

 COMMAND LINE ARGUMENTS:
F:\GameDev\Unity\2020.3.0f1\Editor\Unity.exe
-adb2
-batchMode
-noUpm
-name
AssetImportWorker0
-projectPath
F:/Unittyproject/Ingress/Ingress/IngressTheGame
-logFile
Logs/AssetImportWorker0.log
-srvPort
60770
Successfully changed project path to: F:/Unittyproject/Ingress/Ingress/IngressTheGame
F:/Unittyproject/Ingress/Ingress/IngressTheGame
Using Asset Import Pipeline V2.
Refreshing native plugins compatible for Editor in 70.14 ms, found 0 plugins.
Preloading 0 native plugins for Editor in 0.00 ms.
Initialize engine version: 2020.3.0f1 (c7b5465681fb)
[Subsystems] Discovering subsystems at path F:/GameDev/Unity/2020.3.0f1/Editor/Data/Resources/UnitySubsystems
[Subsystems] Discovering subsystems at path F:/Unittyproject/Ingress/Ingress/IngressTheGame/Assets
GfxDevice: creating device client; threaded=0
Direct3D:
    Version:  Direct3D 11.0 [level 11.1]
    Renderer: NVIDIA GeForce RTX 2070 SUPER (ID=0x1e84)
    Vendor:   
    VRAM:     8011 MB
    Driver:   30.0.15.1165
Initialize mono
Mono path[0] = 'F:/GameDev/Unity/2020.3.0f1/Editor/Data/Managed'
Mono path[1] = 'F:/GameDev/Unity/2020.3.0f1/Editor/Data/MonoBleedingEdge/lib/mono/unityjit'
Mono config path = 'F:/GameDev/Unity/2020.3.0f1/Editor/Data/MonoBleedingEdge/etc'
Using monoOptions --debugger-agent=transport=dt_socket,embedding=1,server=y,suspend=n,address=127.0.0.1:56204
Begin MonoManager ReloadAssembly
Registering precompiled unity dll's ...
Register platform support module: F:/GameDev/Unity/2020.3.0f1/Editor/Data/PlaybackEngines/WebGLSupport/UnityEditor.WebGL.Extensions.dll
Register platform support module: F:/GameDev/Unity/2020.3.0f1/Editor/Data/PlaybackEngines/WindowsStandaloneSupport/UnityEditor.WindowsStandalone.Extensions.dll
Registered in 0.001636 seconds.
Native extension for WindowsStandalone target not found
Native extension for WebGL target not found
Refreshing native plugins compatible for Editor in 42.11 ms, found 0 plugins.
Preloading 0 native plugins for Editor in 0.00 ms.
Invoked RoslynAnalysisRunner static constructor.
RoslynAnalysisRunner will not be running.
RoslynAnalysisRunner has terminated.
Mono: successfully reloaded assembly
- Completed reload, in  1.848 seconds
Platform modules already initialized, skipping
Registering precompiled user dll's ...
Registered in 0.001064 seconds.
Begin MonoManager ReloadAssembly
Native extension for WindowsStandalone target not found
Native extension for WebGL target not found
Refreshing native plugins compatible for Editor in 44.19 ms, found 0 plugins.
Preloading 0 native plugins for Editor in 0.00 ms.
Invoked RoslynAnalysisRunner static constructor.
RoslynAnalysisRunner will not be running.
RoslynAnalysisRunner has terminated.
Mono: successfully reloaded assembly
- Completed reload, in  0.830 seconds
Platform modules already initialized, skipping
========================================================================
Worker process is ready to serve import requests
Shader 'Universal Render Pipeline/Particles/Lit': fallback shader 'Universal Render Pipeline/Particles/SimpleLit' not found
Shader 'Universal Render Pipeline/Particles/Lit': fallback shader 'Universal Render Pipeline/Particles/SimpleLit' not found
Launched and connected shader compiler UnityShaderCompiler.exe after 0.03 seconds
Refreshing native plugins compatible for Editor in 0.47 ms, found 0 plugins.
Preloading 0 native plugins for Editor in 0.00 ms.
Unloading 2874 Unused Serialized files (Serialized files now loaded: 0)
System memory in use before: 128.5 MB.
System memory in use after: 126.3 MB.

Unloading 48 unused Assets to reduce memory usage. Loaded Objects now: 3286.
Total: 3.286800 ms (FindLiveObjects: 0.295700 ms CreateObjectMapping: 0.084900 ms MarkObjects: 1.863100 ms  DeleteObjects: 1.042300 ms)

========================================================================
Received Import Request.
  path: Assets/ExampleAssets/Textures
  artifactKey: Guid(1cc500c8cdb999142b9017ebf0cf407d) Importer(815301076,1909f56bfc062723c751e8b465ee728b)
Start importing Assets/ExampleAssets/Textures using Guid(1cc500c8cdb999142b9017ebf0cf407d) Importer(815301076,1909f56bfc062723c751e8b465ee728b)  -> (artifact id: 'f7c80d757077af9cc2c332e0bf814c28') in 0.007879 seconds
  Import took 0.011533 seconds .

========================================================================
Received Import Request.
  Time since last request: 0.000135 seconds.
  path: Assets/ExampleAssets/Prefabs
  artifactKey: Guid(5e04804d4b233d04d92ef41852c3f676) Importer(815301076,1909f56bfc062723c751e8b465ee728b)
Start importing Assets/ExampleAssets/Prefabs using Guid(5e04804d4b233d04d92ef41852c3f676) Importer(815301076,1909f56bfc062723c751e8b465ee728b)  -> (artifact id: 'bc6e9fdcb1411db0f0df283fc4367b4e') in 0.004263 seconds
  Import took 0.007262 seconds .

========================================================================
Received Import Request.
  Time since last request: 0.061227 seconds.
  path: Assets/StarterAssets/Readme.asset
  artifactKey: Guid(4181bfe715a83e843b7538d750dc57cc) Importer(815301076,1909f56bfc062723c751e8b465ee728b)
Start importing Assets/StarterAssets/Readme.asset using Guid(4181bfe715a83e843b7538d750dc57cc) Importer(815301076,1909f56bfc062723c751e8b465ee728b)  -> (artifact id: 'c39971abe30d1ec3db6ddd89d3f78134') in 0.024622 seconds
  Import took 0.028713 seconds .

========================================================================
Received Import Request.
  Time since last request: 1.925987 seconds.
  path: Assets/StarterAssets
  artifactKey: Guid(072601bfa96c4a94eb89aa7f29234ffd) Importer(815301076,1909f56bfc062723c751e8b465ee728b)
Start importing Assets/StarterAssets using Guid(072601bfa96c4a94eb89aa7f29234ffd) Importer(815301076,1909f56bfc062723c751e8b465ee728b)  -> (artifact id: '549efc02b8b9495d9560fe9fffe9c4ed') in 0.006076 seconds
  Import took 0.010174 seconds .

========================================================================
Received Import Request.
  Time since last request: 0.000708 seconds.
  path: Assets/StarterAssets
  artifactKey: Guid(072601bfa96c4a94eb89aa7f29234ffd) Importer(815301076,1909f56bfc062723c751e8b465ee728b)
Start importing Assets/StarterAssets using Guid(072601bfa96c4a94eb89aa7f29234ffd) Importer(815301076,1909f56bfc062723c751e8b465ee728b)  -> (artifact id: '549efc02b8b9495d9560fe9fffe9c4ed') in 0.001663 seconds
  Import took 0.005491 seconds .

========================================================================
Received Import Request.
  Time since last request: 0.887236 seconds.
  path: Assets/StarterAssets/FirstPersonController
  artifactKey: Guid(24b6cfc1f7567ec448cc19d73d593576) Importer(815301076,1909f56bfc062723c751e8b465ee728b)
Start importing Assets/StarterAssets/FirstPersonController using Guid(24b6cfc1f7567ec448cc19d73d593576) Importer(815301076,1909f56bfc062723c751e8b465ee728b)  -> (artifact id: 'ad9b879b5707d05fb45aca1ebe9ba113') in 0.004897 seconds
  Import took 0.008947 seconds .

========================================================================
Received Import Request.
  Time since last request: 1.734887 seconds.
  path: Assets/StarterAssets/FirstPersonController/Scenes
  artifactKey: Guid(560d37d8517c937418f56f4db8462f7f) Importer(815301076,1909f56bfc062723c751e8b465ee728b)
Start importing Assets/StarterAssets/FirstPersonController/Scenes using Guid(560d37d8517c937418f56f4db8462f7f) Importer(815301076,1909f56bfc062723c751e8b465ee728b)  -> (artifact id: 'eeb6c51459702fd866c61f45ccd81b70') in 0.004648 seconds
  Import took 0.008448 seconds .

========================================================================
Received Import Request.
  Time since last request: 0.000590 seconds.
  path: Assets/StarterAssets/FirstPersonController/Scenes
  artifactKey: Guid(560d37d8517c937418f56f4db8462f7f) Importer(815301076,1909f56bfc062723c751e8b465ee728b)
Start importing Assets/StarterAssets/FirstPersonController/Scenes using Guid(560d37d8517c937418f56f4db8462f7f) Importer(815301076,1909f56bfc062723c751e8b465ee728b)  -> (artifact id: 'eeb6c51459702fd866c61f45ccd81b70') in 0.001577 seconds
  Import took 0.005465 seconds .

========================================================================
Received Import Request.
  Time since last request: 0.714844 seconds.
  path: Assets/StarterAssets/FirstPersonController/Scenes/Playground.unity
  artifactKey: Guid(707acc8dffb72b144bb1ffbe1c965f3d) Importer(815301076,1909f56bfc062723c751e8b465ee728b)
Start importing Assets/StarterAssets/FirstPersonController/Scenes/Playground.unity using Guid(707acc8dffb72b144bb1ffbe1c965f3d) Importer(815301076,1909f56bfc062723c751e8b465ee728b)  -> (artifact id: '01edfbd69a007b9f5cb631566e6921c2') in 0.005152 seconds
  Import took 0.009301 seconds .

========================================================================
Received Import Request.
  Time since last request: 47.959227 seconds.
  path: Assets/Scenes
  artifactKey: Guid(0c74e415e2fa1bd4988892d334aee2e9) Importer(815301076,1909f56bfc062723c751e8b465ee728b)
Start importing Assets/Scenes using Guid(0c74e415e2fa1bd4988892d334aee2e9) Importer(815301076,1909f56bfc062723c751e8b465ee728b)  -> (artifact id: 'abdd7c9302b43f023b2081da43383699') in 0.001801 seconds
  Import took 0.005776 seconds .

========================================================================
Received Import Request.
  Time since last request: 4.412540 seconds.
  path: Assets/Presets
  artifactKey: Guid(558255460b74ec04fa70b5570e9327bd) Importer(815301076,1909f56bfc062723c751e8b465ee728b)
Start importing Assets/Presets using Guid(558255460b74ec04fa70b5570e9327bd) Importer(815301076,1909f56bfc062723c751e8b465ee728b)  -> (artifact id: '81320b3cd8a1a3d750cca3b32b08e672') in 0.004641 seconds
  Import took 0.008559 seconds .

========================================================================
Received Prepare
Registering precompiled user dll's ...
Registered in 0.001226 seconds.
Begin MonoManager ReloadAssembly
Native extension for WindowsStandalone target not found
Native extension for WebGL target not found
Refreshing native plugins compatible for Editor in 0.48 ms, found 0 plugins.
Preloading 0 native plugins for Editor in 0.00 ms.
Invoked RoslynAnalysisRunner static constructor.
RoslynAnalysisRunner will not be running.
RoslynAnalysisRunner has terminated.
Mono: successfully reloaded assembly
- Completed reload, in  0.742 seconds
Platform modules already initialized, skipping
Shader 'Universal Render Pipeline/Particles/Lit': fallback shader 'Universal Render Pipeline/Particles/SimpleLit' not found
Shader 'Universal Render Pipeline/Particles/Lit': fallback shader 'Universal Render Pipeline/Particles/SimpleLit' not found
Refreshing native plugins compatible for Editor in 0.45 ms, found 0 plugins.
Preloading 0 native plugins for Editor in 0.00 ms.
Unloading 2796 Unused Serialized files (Serialized files now loaded: 0)
System memory in use before: 125.3 MB.
System memory in use after: 123.1 MB.

Unloading 41 unused Assets to reduce memory usage. Loaded Objects now: 3289.
Total: 3.022000 ms (FindLiveObjects: 0.250100 ms CreateObjectMapping: 0.073000 ms MarkObjects: 1.594300 ms  DeleteObjects: 1.103900 ms)

========================================================================
Received Import Request.
  Time since last request: 31.991798 seconds.
  path: Assets/Scenes/Level0.unity
  artifactKey: Guid(2fef0f59e9a9a14409940da9fd1be02b) Importer(815301076,1909f56bfc062723c751e8b465ee728b)
Start importing Assets/Scenes/Level0.unity using Guid(2fef0f59e9a9a14409940da9fd1be02b) Importer(815301076,1909f56bfc062723c751e8b465ee728b)  -> (artifact id: '24d357742e7926e7eb6cb581adc5d034') in 0.015800 seconds
  Import took 0.020025 seconds .

========================================================================
Received Import Request.
  Time since last request: 0.020948 seconds.
  path: Assets/Scenes/Level0.unity
  artifactKey: Guid(2fef0f59e9a9a14409940da9fd1be02b) Importer(815301076,1909f56bfc062723c751e8b465ee728b)
Start importing Assets/Scenes/Level0.unity using Guid(2fef0f59e9a9a14409940da9fd1be02b) Importer(815301076,1909f56bfc062723c751e8b465ee728b)  -> (artifact id: '24d357742e7926e7eb6cb581adc5d034') in 0.002024 seconds
  Import took 0.006006 seconds .

========================================================================
Received Import Request.
  Time since last request: 12.124194 seconds.
  path: Assets/Scenes/SampleScene.unity
  artifactKey: Guid(d1c3109bdb54ad54c8a2b2838528e640) Importer(815301076,1909f56bfc062723c751e8b465ee728b)
Start importing Assets/Scenes/SampleScene.unity using Guid(d1c3109bdb54ad54c8a2b2838528e640) Importer(815301076,1909f56bfc062723c751e8b465ee728b)  -> (artifact id: '3c0d36382bdc373bd0a05e5cf1e6e15c') in 0.005198 seconds
  Import took 0.009140 seconds .

========================================================================
Received Import Request.
  Time since last request: 7.699638 seconds.
  path: Assets/StarterAssets/Environment
  artifactKey: Guid(8d8da06649314d7498296c53b4a0a77a) Importer(815301076,1909f56bfc062723c751e8b465ee728b)
Start importing Assets/StarterAssets/Environment using Guid(8d8da06649314d7498296c53b4a0a77a) Importer(815301076,1909f56bfc062723c751e8b465ee728b)  -> (artifact id: '0b1f724647e5152a86ab16e4cc2dec08') in 0.007040 seconds
  Import took 0.012787 seconds .

========================================================================
Received Import Request.
  Time since last request: 1.702498 seconds.
  path: Assets/StarterAssets/TutorialInfo
  artifactKey: Guid(45eb5850dfaea0a4f962fbbf3e54daf9) Importer(815301076,1909f56bfc062723c751e8b465ee728b)
Start importing Assets/StarterAssets/TutorialInfo using Guid(45eb5850dfaea0a4f962fbbf3e54daf9) Importer(815301076,1909f56bfc062723c751e8b465ee728b)  -> (artifact id: 'd53dfc87f4c822797e6610410dfb0151') in 0.004741 seconds
  Import took 0.008770 seconds .

========================================================================
Received Import Request.
  Time since last request: 0.015283 seconds.
  path: Assets/StarterAssets/TutorialInfo
  artifactKey: Guid(45eb5850dfaea0a4f962fbbf3e54daf9) Importer(815301076,1909f56bfc062723c751e8b465ee728b)
Start importing Assets/StarterAssets/TutorialInfo using Guid(45eb5850dfaea0a4f962fbbf3e54daf9) Importer(815301076,1909f56bfc062723c751e8b465ee728b)  -> (artifact id: 'd53dfc87f4c822797e6610410dfb0151') in 0.001741 seconds
  Import took 0.005627 seconds .

========================================================================
Received Import Request.
  Time since last request: 0.849879 seconds.
  path: Assets/StarterAssets/TutorialInfo/Icons
  artifactKey: Guid(c46f592600956254ebd5b9caa48c323c) Importer(815301076,1909f56bfc062723c751e8b465ee728b)
Start importing Assets/StarterAssets/TutorialInfo/Icons using Guid(c46f592600956254ebd5b9caa48c323c) Importer(815301076,1909f56bfc062723c751e8b465ee728b)  -> (artifact id: 'b2e2d7a31e4e0b423031ad850805ae5b') in 0.004574 seconds
  Import took 0.008581 seconds .

========================================================================
Received Import Request.
  Time since last request: 0.060717 seconds.
  path: Assets/StarterAssets/TutorialInfo/Icons/ReadMeImg.PNG
  artifactKey: Guid(44a17a5b205fcd349a24700e6f5615bd) Importer(815301076,1909f56bfc062723c751e8b465ee728b)
Start importing Assets/StarterAssets/TutorialInfo/Icons/ReadMeImg.PNG using Guid(44a17a5b205fcd349a24700e6f5615bd) Importer(815301076,1909f56bfc062723c751e8b465ee728b)  -> (artifact id: 'c72c823c2708c7bc9540a9ddbe3e7269') in 0.027965 seconds
  Import took 0.031847 seconds .

========================================================================
Received Import Request.
  Time since last request: 8.435794 seconds.
  path: Assets/StarterAssets/Environment/Prefabs
  artifactKey: Guid(93bb3603ed019014a98e7c62df54135e) Importer(815301076,1909f56bfc062723c751e8b465ee728b)
Start importing Assets/StarterAssets/Environment/Prefabs using Guid(93bb3603ed019014a98e7c62df54135e) Importer(815301076,1909f56bfc062723c751e8b465ee728b)  -> (artifact id: 'd91c213727767b7f65029d8fe86f11e8') in 0.001587 seconds
  Import took 0.005233 seconds .

========================================================================
Received Import Request.
  Time since last request: 0.067505 seconds.
  path: Assets/StarterAssets/Environment/Prefabs/Box_100x100x100_Prefab.prefab
  artifactKey: Guid(e5f4daf24146ee040b5a2d7a73b30aa0) Importer(815301076,1909f56bfc062723c751e8b465ee728b)
Start importing Assets/StarterAssets/Environment/Prefabs/Box_100x100x100_Prefab.prefab using Guid(e5f4daf24146ee040b5a2d7a73b30aa0) Importer(815301076,1909f56bfc062723c751e8b465ee728b)  -> (artifact id: '58eecd1fb1ee43d5a47385603cffadb1') in 0.141199 seconds
  Import took 0.145288 seconds .

========================================================================
Received Import Request.
  Time since last request: 0.000151 seconds.
  path: Assets/StarterAssets/Environment/Prefabs/Environment_Prefab.prefab
  artifactKey: Guid(09aade0ecefd01e4b8f7661acf64f5c2) Importer(815301076,1909f56bfc062723c751e8b465ee728b)
Start importing Assets/StarterAssets/Environment/Prefabs/Environment_Prefab.prefab using Guid(09aade0ecefd01e4b8f7661acf64f5c2) Importer(815301076,1909f56bfc062723c751e8b465ee728b)  -> (artifact id: '822c0fb7967102b1c9fb26bd9054bcc8') in 0.023193 seconds
  Import took 0.027265 seconds .

========================================================================
Received Import Request.
  Time since last request: 0.000153 seconds.
  path: Assets/StarterAssets/Environment/Prefabs/Structure_Prefab.prefab
  artifactKey: Guid(79e624e6a8770a946afb866fd94b394b) Importer(815301076,1909f56bfc062723c751e8b465ee728b)
Start importing Assets/StarterAssets/Environment/Prefabs/Structure_Prefab.prefab using Guid(79e624e6a8770a946afb866fd94b394b) Importer(815301076,1909f56bfc062723c751e8b465ee728b)  -> (artifact id: '5eaa3d5f31d571ee569c1071a7efe183') in 0.013671 seconds
  Import took 0.017782 seconds .

========================================================================
Received Import Request.
  Time since last request: 0.000201 seconds.
  path: Assets/StarterAssets/Environment/Prefabs/Stairs_650_400_300_Prefab.prefab
  artifactKey: Guid(50a0925b0c22af146a2d15615f815a1c) Importer(815301076,1909f56bfc062723c751e8b465ee728b)
Start importing Assets/StarterAssets/Environment/Prefabs/Stairs_650_400_300_Prefab.prefab using Guid(50a0925b0c22af146a2d15615f815a1c) Importer(815301076,1909f56bfc062723c751e8b465ee728b)  -> (artifact id: 'a0e576bb9a215349ba336fa85825a028') in 0.011943 seconds
  Import took 0.016043 seconds .

========================================================================
Received Import Request.
  Time since last request: 0.000176 seconds.
  path: Assets/StarterAssets/Environment/Prefabs/Wall_Prefab.prefab
  artifactKey: Guid(9eb847ab97b24024588682c8601254cf) Importer(815301076,1909f56bfc062723c751e8b465ee728b)
Start importing Assets/StarterAssets/Environment/Prefabs/Wall_Prefab.prefab using Guid(9eb847ab97b24024588682c8601254cf) Importer(815301076,1909f56bfc062723c751e8b465ee728b)  -> (artifact id: '67130c88623692c6e991b210b8545dc7') in 0.011525 seconds
  Import took 0.015272 seconds .

========================================================================
Received Import Request.
  Time since last request: 0.000171 seconds.
  path: Assets/StarterAssets/Environment/Prefabs/Stairs_200x100x200_Prefab.prefab
  artifactKey: Guid(466621a4836aa504c87c15d88722d465) Importer(815301076,1909f56bfc062723c751e8b465ee728b)
Start importing Assets/StarterAssets/Environment/Prefabs/Stairs_200x100x200_Prefab.prefab using Guid(466621a4836aa504c87c15d88722d465) Importer(815301076,1909f56bfc062723c751e8b465ee728b)  -> (artifact id: '385681ab1add509a278b7ce2aa6ea018') in 0.012394 seconds
  Import took 0.016412 seconds .

========================================================================
Received Import Request.
  Time since last request: 0.000166 seconds.
  path: Assets/StarterAssets/Environment/Prefabs/Box_350x250x200_Prefab.prefab
  artifactKey: Guid(7b846d8f536f007498c941069487ce81) Importer(815301076,1909f56bfc062723c751e8b465ee728b)
Start importing Assets/StarterAssets/Environment/Prefabs/Box_350x250x200_Prefab.prefab using Guid(7b846d8f536f007498c941069487ce81) Importer(815301076,1909f56bfc062723c751e8b465ee728b)  -> (artifact id: 'ed311715cf70b863245b272e99ec66a5') in 0.011878 seconds
  Import took 0.015370 seconds .

========================================================================
Received Import Request.
  Time since last request: 0.000176 seconds.
  path: Assets/StarterAssets/Environment/Prefabs/Box_350x250x300_Prefab.prefab
  artifactKey: Guid(687dbafc2b84b2846b9a4a7a7dae2a7e) Importer(815301076,1909f56bfc062723c751e8b465ee728b)
Start importing Assets/StarterAssets/Environment/Prefabs/Box_350x250x300_Prefab.prefab using Guid(687dbafc2b84b2846b9a4a7a7dae2a7e) Importer(815301076,1909f56bfc062723c751e8b465ee728b)  -> (artifact id: 'fc3d7f46914af15c3c076a2d3a4c40de') in 0.011658 seconds
  Import took 0.015576 seconds .

========================================================================
Received Import Request.
  Time since last request: 0.000190 seconds.
  path: Assets/StarterAssets/Environment/Prefabs/Tunnel_Prefab.prefab
  artifactKey: Guid(e5d7b87d422ee0f478ee09eb32e24f4e) Importer(815301076,1909f56bfc062723c751e8b465ee728b)
Start importing Assets/StarterAssets/Environment/Prefabs/Tunnel_Prefab.prefab using Guid(e5d7b87d422ee0f478ee09eb32e24f4e) Importer(815301076,1909f56bfc062723c751e8b465ee728b)  -> (artifact id: 'a3a4fa0436f27dfcb29ccd5c9e2b9fea') in 0.012467 seconds
  Import took 0.016696 seconds .

========================================================================
Received Import Request.
  Time since last request: 0.000189 seconds.
  path: Assets/StarterAssets/Environment/Prefabs/Ramp_Prefab.prefab
  artifactKey: Guid(8a7437817844dce4894b049de73b75f2) Importer(815301076,1909f56bfc062723c751e8b465ee728b)
Start importing Assets/StarterAssets/Environment/Prefabs/Ramp_Prefab.prefab using Guid(8a7437817844dce4894b049de73b75f2) Importer(815301076,1909f56bfc062723c751e8b465ee728b)  -> (artifact id: 'ae74cedc18c1af22b956f41e8bc3d833') in 0.012116 seconds
  Import took 0.016076 seconds .

========================================================================
Received Import Request.
  Time since last request: 1.733539 seconds.
  path: Assets/ExampleAssets
  artifactKey: Guid(990f5c2df70993f4987a388ca178996a) Importer(815301076,1909f56bfc062723c751e8b465ee728b)
Start importing Assets/ExampleAssets using Guid(990f5c2df70993f4987a388ca178996a) Importer(815301076,1909f56bfc062723c751e8b465ee728b)  -> (artifact id: '54e67b96d22055c43e52b10ee32d0134') in 0.005005 seconds
  Import took 0.008902 seconds .

========================================================================
Received Import Request.
  Time since last request: 0.000664 seconds.
  path: Assets/ExampleAssets
  artifactKey: Guid(990f5c2df70993f4987a388ca178996a) Importer(815301076,1909f56bfc062723c751e8b465ee728b)
Start importing Assets/ExampleAssets using Guid(990f5c2df70993f4987a388ca178996a) Importer(815301076,1909f56bfc062723c751e8b465ee728b)  -> (artifact id: '54e67b96d22055c43e52b10ee32d0134') in 0.001637 seconds
  Import took 0.005053 seconds .

========================================================================
Received Import Request.
  Time since last request: 21.181341 seconds.
  path: Assets/TutorialInfo
  artifactKey: Guid(49110bb8dcada46328ad741970bce702) Importer(815301076,1909f56bfc062723c751e8b465ee728b)
Start importing Assets/TutorialInfo using Guid(49110bb8dcada46328ad741970bce702) Importer(815301076,1909f56bfc062723c751e8b465ee728b)  -> (artifact id: '8817f837b5fb10a29ec0ddfb04359468') in 0.001771 seconds
  Import took 0.005811 seconds .

========================================================================
Received Import Request.
  Time since last request: 1.318316 seconds.
  path: Assets/TutorialInfo/Scripts
  artifactKey: Guid(5a9bcd70e6a4b4b05badaa72e827d8e0) Importer(815301076,1909f56bfc062723c751e8b465ee728b)
Start importing Assets/TutorialInfo/Scripts using Guid(5a9bcd70e6a4b4b05badaa72e827d8e0) Importer(815301076,1909f56bfc062723c751e8b465ee728b)  -> (artifact id: 'f118777d6ebd89f769a41e1ef244586a') in 0.005652 seconds
  Import took 0.009787 seconds .

========================================================================
Received Import Request.
  Time since last request: 0.634295 seconds.
  path: Assets/TutorialInfo/Scripts/Readme.cs
  artifactKey: Guid(fcf7219bab7fe46a1ad266029b2fee19) Importer(815301076,1909f56bfc062723c751e8b465ee728b)
Start importing Assets/TutorialInfo/Scripts/Readme.cs using Guid(fcf7219bab7fe46a1ad266029b2fee19) Importer(815301076,1909f56bfc062723c751e8b465ee728b)  -> (artifact id: 'e26ab33712a1a982f1002aaa0472e00b') in 0.018651 seconds
  Import took 0.022551 seconds .

========================================================================
Received Import Request.
  Time since last request: 2.101360 seconds.
  path: Assets/TutorialInfo/Scripts/Editor
  artifactKey: Guid(3ad9b87dffba344c89909c6d1b1c17e1) Importer(815301076,1909f56bfc062723c751e8b465ee728b)
Start importing Assets/TutorialInfo/Scripts/Editor using Guid(3ad9b87dffba344c89909c6d1b1c17e1) Importer(815301076,1909f56bfc062723c751e8b465ee728b)  -> (artifact id: 'df395d084943967e594548ffec67ae0a') in 0.004714 seconds
  Import took 0.008694 seconds .

========================================================================
Received Import Request.
  Time since last request: 0.608019 seconds.
  path: Assets/TutorialInfo/Scripts/Editor/ReadmeEditor.cs
  artifactKey: Guid(476cc7d7cd9874016adc216baab94a0a) Importer(815301076,1909f56bfc062723c751e8b465ee728b)
Start importing Assets/TutorialInfo/Scripts/Editor/ReadmeEditor.cs using Guid(476cc7d7cd9874016adc216baab94a0a) Importer(815301076,1909f56bfc062723c751e8b465ee728b)  -> (artifact id: 'db3b60ae8cb4268cc015bbdde59f1431') in 0.004398 seconds
  Import took 0.008445 seconds .

========================================================================
Received Import Request.
  Time since last request: 6.358652 seconds.
  path: Assets/StarterAssets/license.txt
  artifactKey: Guid(b846ecad8a98bd34dba8a5daf996d86e) Importer(815301076,1909f56bfc062723c751e8b465ee728b)
Start importing Assets/StarterAssets/license.txt using Guid(b846ecad8a98bd34dba8a5daf996d86e) Importer(815301076,1909f56bfc062723c751e8b465ee728b)  -> (artifact id: '07968f408f12ab46c816cd42bd6b91d4') in 0.012719 seconds
  Import took 0.016834 seconds .

========================================================================
Received Import Request.
  Time since last request: 4.790894 seconds.
  path: Assets/TutorialInfo/Icons
  artifactKey: Guid(8a0c9218a650547d98138cd835033977) Importer(815301076,1909f56bfc062723c751e8b465ee728b)
Start importing Assets/TutorialInfo/Icons using Guid(8a0c9218a650547d98138cd835033977) Importer(815301076,1909f56bfc062723c751e8b465ee728b)  -> (artifact id: '1ab05bf5c969251436b5898189cd4725') in 0.006641 seconds
  Import took 0.010629 seconds .

========================================================================
Received Import Request.
  Time since last request: 0.773397 seconds.
  path: Assets/TutorialInfo/Layout.wlt
  artifactKey: Guid(eabc9546105bf4accac1fd62a63e88e6) Importer(815301076,1909f56bfc062723c751e8b465ee728b)
Start importing Assets/TutorialInfo/Layout.wlt using Guid(eabc9546105bf4accac1fd62a63e88e6) Importer(815301076,1909f56bfc062723c751e8b465ee728b)  -> (artifact id: '759a9c9477da6e6a0135cd6c5c760f53') in 0.007030 seconds
  Import took 0.011066 seconds .

========================================================================
Received Import Request.
  Time since last request: 237.484543 seconds.
  path: Assets
  artifactKey: Guid(00000000000000001000000000000000) Importer(815301076,1909f56bfc062723c751e8b465ee728b)
Start importing Assets using Guid(00000000000000001000000000000000) Importer(815301076,1909f56bfc062723c751e8b465ee728b)  -> (artifact id: '42baae205c97e3337697759514652acd') in 0.005553 seconds
  Import took 0.009814 seconds .

========================================================================
Received Import Request.
  Time since last request: 4.136201 seconds.
  path: Assets/Mats
  artifactKey: Guid(6f23c4d9dd6e5c342b6a590f8308fc9f) Importer(815301076,1909f56bfc062723c751e8b465ee728b)
Start importing Assets/Mats using Guid(6f23c4d9dd6e5c342b6a590f8308fc9f) Importer(815301076,1909f56bfc062723c751e8b465ee728b)  -> (artifact id: 'b52fec738d5da8bbb035e2df998633b7') in 0.004627 seconds
  Import took 0.008617 seconds .

========================================================================
Received Import Request.
  Time since last request: 11.393454 seconds.
  path: Assets/Mats/Doors.mat
  artifactKey: Guid(4db7f91ca84a5f4418216939919aea39) Importer(815301076,1909f56bfc062723c751e8b465ee728b)
Start importing Assets/Mats/Doors.mat using Guid(4db7f91ca84a5f4418216939919aea39) Importer(815301076,1909f56bfc062723c751e8b465ee728b)  -> (artifact id: '9c28ff7295c4e7abf690cef783fe7548') in 0.024980 seconds
  Import took 0.029115 seconds .

========================================================================
Received Prepare
Registering precompiled user dll's ...
Registered in 0.001132 seconds.
Begin MonoManager ReloadAssembly
Native extension for WindowsStandalone target not found
Native extension for WebGL target not found
Refreshing native plugins compatible for Editor in 0.44 ms, found 0 plugins.
Preloading 0 native plugins for Editor in 0.00 ms.
Invoked RoslynAnalysisRunner static constructor.
RoslynAnalysisRunner will not be running.
RoslynAnalysisRunner has terminated.
Mono: successfully reloaded assembly
- Completed reload, in  0.775 seconds
Platform modules already initialized, skipping
Shader 'Universal Render Pipeline/Particles/Lit': fallback shader 'Universal Render Pipeline/Particles/SimpleLit' not found
Shader 'Universal Render Pipeline/Particles/Lit': fallback shader 'Universal Render Pipeline/Particles/SimpleLit' not found
Refreshing native plugins compatible for Editor in 0.45 ms, found 0 plugins.
Preloading 0 native plugins for Editor in 0.00 ms.
Unloading 2796 Unused Serialized files (Serialized files now loaded: 0)
System memory in use before: 131.3 MB.
System memory in use after: 129.1 MB.

Unloading 41 unused Assets to reduce memory usage. Loaded Objects now: 3376.
Total: 3.111700 ms (FindLiveObjects: 0.298100 ms CreateObjectMapping: 0.082000 ms MarkObjects: 1.712100 ms  DeleteObjects: 1.018400 ms)

AssetImportWorkerClient::OnTransportError - code=2 error=End of file
