Using pre-set license
Built from '2020.3/staging' branch; Version is '2020.3.0f1 (c7b5465681fb) revision 13088070'; Using compiler version '192528614'; Build Type 'Release'
OS: 'Windows 10 Home; OS build 19044.1526; Version 2009; 64bit' Language: 'en' Physical Memory: 16331 MB
BatchMode: 1, IsHumanControllingUs: 0, StartBugReporterOnCrash: 0, Is64bit: 1, IsPro: 0

 COMMAND LINE ARGUMENTS:
F:\GameDev\Unity\2020.3.0f1\Editor\Unity.exe
-adb2
-batchMode
-noUpm
-name
AssetImportWorker1
-projectPath
F:/Unittyproject/Ingress/Ingress/IngressTheGame
-logFile
Logs/AssetImportWorker1.log
-srvPort
58163
Successfully changed project path to: F:/Unittyproject/Ingress/Ingress/IngressTheGame
F:/Unittyproject/Ingress/Ingress/IngressTheGame
Using Asset Import Pipeline V2.
Refreshing native plugins compatible for Editor in 56.45 ms, found 0 plugins.
Preloading 0 native plugins for Editor in 0.00 ms.
Initialize engine version: 2020.3.0f1 (c7b5465681fb)
[Subsystems] Discovering subsystems at path F:/GameDev/Unity/2020.3.0f1/Editor/Data/Resources/UnitySubsystems
[Subsystems] Discovering subsystems at path F:/Unittyproject/Ingress/Ingress/IngressTheGame/Assets
GfxDevice: creating device client; threaded=0
Direct3D:
    Version:  Direct3D 11.0 [level 11.1]
    Renderer: NVIDIA GeForce RTX 2070 SUPER (ID=0x1e84)
    Vendor:   
    VRAM:     8011 MB
    Driver:   30.0.15.1165
Shader 'Universal Render Pipeline/Particles/Lit': fallback shader 'Universal Render Pipeline/Particles/SimpleLit' not found
Initialize mono
Mono path[0] = 'F:/GameDev/Unity/2020.3.0f1/Editor/Data/Managed'
Mono path[1] = 'F:/GameDev/Unity/2020.3.0f1/Editor/Data/MonoBleedingEdge/lib/mono/unityjit'
Mono config path = 'F:/GameDev/Unity/2020.3.0f1/Editor/Data/MonoBleedingEdge/etc'
Using monoOptions --debugger-agent=transport=dt_socket,embedding=1,server=y,suspend=n,address=127.0.0.1:56804
Begin MonoManager ReloadAssembly
Registering precompiled unity dll's ...
Register platform support module: F:/GameDev/Unity/2020.3.0f1/Editor/Data/PlaybackEngines/WebGLSupport/UnityEditor.WebGL.Extensions.dll
Register platform support module: F:/GameDev/Unity/2020.3.0f1/Editor/Data/PlaybackEngines/WindowsStandaloneSupport/UnityEditor.WindowsStandalone.Extensions.dll
Registered in 0.001240 seconds.
Native extension for WindowsStandalone target not found
Native extension for WebGL target not found
Refreshing native plugins compatible for Editor in 55.29 ms, found 0 plugins.
Preloading 0 native plugins for Editor in 0.00 ms.
Invoked RoslynAnalysisRunner static constructor.
RoslynAnalysisRunner will not be running.
RoslynAnalysisRunner has terminated.
Mono: successfully reloaded assembly
- Completed reload, in  1.072 seconds
Platform modules already initialized, skipping
Registering precompiled user dll's ...
Registered in 0.001302 seconds.
Begin MonoManager ReloadAssembly
Native extension for WindowsStandalone target not found
Native extension for WebGL target not found
Refreshing native plugins compatible for Editor in 56.34 ms, found 0 plugins.
Preloading 0 native plugins for Editor in 0.00 ms.
Invoked RoslynAnalysisRunner static constructor.
RoslynAnalysisRunner will not be running.
RoslynAnalysisRunner has terminated.
Mono: successfully reloaded assembly
- Completed reload, in  0.872 seconds
Platform modules already initialized, skipping
========================================================================
Worker process is ready to serve import requests
Shader 'Universal Render Pipeline/Particles/Lit': fallback shader 'Universal Render Pipeline/Particles/SimpleLit' not found
Launched and connected shader compiler UnityShaderCompiler.exe after 0.04 seconds
Refreshing native plugins compatible for Editor in 0.60 ms, found 0 plugins.
Preloading 0 native plugins for Editor in 0.00 ms.
Unloading 3335 Unused Serialized files (Serialized files now loaded: 0)
System memory in use before: 176.9 MB.
System memory in use after: 176.8 MB.

Unloading 22 unused Assets to reduce memory usage. Loaded Objects now: 3801.
Total: 2.422600 ms (FindLiveObjects: 0.379900 ms CreateObjectMapping: 0.082900 ms MarkObjects: 1.718000 ms  DeleteObjects: 0.240200 ms)

========================================================================
Received Import Request.
  path: Assets/Scenes/Level 4.unity
  artifactKey: Guid(be5ab5e237818c8448a1322c7f004fef) Importer(815301076,1909f56bfc062723c751e8b465ee728b)
Start importing Assets/Scenes/Level 4.unity using Guid(be5ab5e237818c8448a1322c7f004fef) Importer(815301076,1909f56bfc062723c751e8b465ee728b)  -> (artifact id: 'fd0c51777e9e830dc19e4177995c7f5a') in 0.011406 seconds
  Import took 0.016211 seconds .

========================================================================
Received Import Request.
  Time since last request: 38.170429 seconds.
  path: Assets/Scenes/Main Menu 1.unity
  artifactKey: Guid(138b3ca99d79d734c94a229098936ff2) Importer(815301076,1909f56bfc062723c751e8b465ee728b)
Start importing Assets/Scenes/Main Menu 1.unity using Guid(138b3ca99d79d734c94a229098936ff2) Importer(815301076,1909f56bfc062723c751e8b465ee728b)  -> (artifact id: '907e0e0255e8943d6626784f94b0c69f') in 0.005190 seconds
  Import took 0.009691 seconds .

========================================================================
Received Import Request.
  Time since last request: 6.112078 seconds.
  path: Assets/Scenes/End.unity
  artifactKey: Guid(138b3ca99d79d734c94a229098936ff2) Importer(815301076,1909f56bfc062723c751e8b465ee728b)
Start importing Assets/Scenes/End.unity using Guid(138b3ca99d79d734c94a229098936ff2) Importer(815301076,1909f56bfc062723c751e8b465ee728b)  -> (artifact id: 'dbf6b4dd18bae1a798c165ac97ab8cfe') in 0.005201 seconds
  Import took 0.009840 seconds .

========================================================================
Received Import Request.
  Time since last request: 75.413146 seconds.
  path: Assets/Scenes/Level 0/MainCamera Profile 1.asset
  artifactKey: Guid(b6888012379b4fd4ea1ab1c3d00bda2e) Importer(815301076,1909f56bfc062723c751e8b465ee728b)
Start importing Assets/Scenes/Level 0/MainCamera Profile 1.asset using Guid(b6888012379b4fd4ea1ab1c3d00bda2e) Importer(815301076,1909f56bfc062723c751e8b465ee728b)  -> (artifact id: '422fa354f410a18bf4f9872d1ac04c80') in 0.026848 seconds
  Import took 0.031828 seconds .

========================================================================
Received Import Request.
  Time since last request: 0.000190 seconds.
  path: Assets/Scenes/Level 0/MainCamera Profile.asset
  artifactKey: Guid(8d4421c9feb8d9d4b80ab5a501aacd2c) Importer(815301076,1909f56bfc062723c751e8b465ee728b)
Start importing Assets/Scenes/Level 0/MainCamera Profile.asset using Guid(8d4421c9feb8d9d4b80ab5a501aacd2c) Importer(815301076,1909f56bfc062723c751e8b465ee728b)  -> (artifact id: 'ae57569304aa3c489284c9eb5e97fd48') in 0.005986 seconds
  Import took 0.010261 seconds .

========================================================================
Received Import Request.
  Time since last request: 0.000150 seconds.
  path: Assets/Scenes/Level 0/MainCamera Profile 1.asset
  artifactKey: Guid(b6888012379b4fd4ea1ab1c3d00bda2e) Importer(815301076,1909f56bfc062723c751e8b465ee728b)
Start importing Assets/Scenes/Level 0/MainCamera Profile 1.asset using Guid(b6888012379b4fd4ea1ab1c3d00bda2e) Importer(815301076,1909f56bfc062723c751e8b465ee728b)  -> (artifact id: '422fa354f410a18bf4f9872d1ac04c80') in 0.002356 seconds
  Import took 0.006356 seconds .

========================================================================
Received Import Request.
  Time since last request: 0.000244 seconds.
  path: Assets/Scenes/Level 0/MainCamera Profile.asset
  artifactKey: Guid(8d4421c9feb8d9d4b80ab5a501aacd2c) Importer(815301076,1909f56bfc062723c751e8b465ee728b)
Start importing Assets/Scenes/Level 0/MainCamera Profile.asset using Guid(8d4421c9feb8d9d4b80ab5a501aacd2c) Importer(815301076,1909f56bfc062723c751e8b465ee728b)  -> (artifact id: 'ae57569304aa3c489284c9eb5e97fd48') in 0.002514 seconds
  Import took 0.006635 seconds .

========================================================================
Received Import Request.
  Time since last request: 4.844196 seconds.
  path: Assets/Scenes/Level 0/End.asset
  artifactKey: Guid(b6888012379b4fd4ea1ab1c3d00bda2e) Importer(815301076,1909f56bfc062723c751e8b465ee728b)
Start importing Assets/Scenes/Level 0/End.asset using Guid(b6888012379b4fd4ea1ab1c3d00bda2e) Importer(815301076,1909f56bfc062723c751e8b465ee728b)  -> (artifact id: '6ccc85741b73ee887788742f76c86f6f') in 0.005602 seconds
  Import took 0.010408 seconds .

========================================================================
Received Prepare
Registering precompiled user dll's ...
Registered in 0.001423 seconds.
Begin MonoManager ReloadAssembly
Native extension for WindowsStandalone target not found
Native extension for WebGL target not found
Refreshing native plugins compatible for Editor in 0.62 ms, found 0 plugins.
Preloading 0 native plugins for Editor in 0.00 ms.
Invoked RoslynAnalysisRunner static constructor.
RoslynAnalysisRunner will not be running.
RoslynAnalysisRunner has terminated.
Mono: successfully reloaded assembly
- Completed reload, in  0.775 seconds
Platform modules already initialized, skipping
Shader 'Universal Render Pipeline/Particles/Lit': fallback shader 'Universal Render Pipeline/Particles/SimpleLit' not found
Refreshing native plugins compatible for Editor in 0.60 ms, found 0 plugins.
Preloading 0 native plugins for Editor in 0.00 ms.
Unloading 3178 Unused Serialized files (Serialized files now loaded: 0)
System memory in use before: 167.4 MB.
System memory in use after: 167.3 MB.

Unloading 15 unused Assets to reduce memory usage. Loaded Objects now: 3804.
Total: 2.753700 ms (FindLiveObjects: 0.311100 ms CreateObjectMapping: 0.079100 ms MarkObjects: 2.162100 ms  DeleteObjects: 0.200000 ms)

========================================================================
Received Import Request.
  Time since last request: 187.837831 seconds.
  path: Assets/Scenes/Level 0/End.asset
  artifactKey: Guid(b6888012379b4fd4ea1ab1c3d00bda2e) Importer(815301076,1909f56bfc062723c751e8b465ee728b)
Start importing Assets/Scenes/Level 0/End.asset using Guid(b6888012379b4fd4ea1ab1c3d00bda2e) Importer(815301076,1909f56bfc062723c751e8b465ee728b)  -> (artifact id: '4d0ee8f640b1065aaa5716b89bb91f25') in 0.054465 seconds
  Import took 0.059147 seconds .

========================================================================
Received Prepare
Registering precompiled user dll's ...
Registered in 0.001380 seconds.
Begin MonoManager ReloadAssembly
Native extension for WindowsStandalone target not found
Native extension for WebGL target not found
Refreshing native plugins compatible for Editor in 0.59 ms, found 0 plugins.
Preloading 0 native plugins for Editor in 0.00 ms.
Invoked RoslynAnalysisRunner static constructor.
RoslynAnalysisRunner will not be running.
RoslynAnalysisRunner has terminated.
Mono: successfully reloaded assembly
- Completed reload, in  0.756 seconds
Platform modules already initialized, skipping
Shader 'Universal Render Pipeline/Particles/Lit': fallback shader 'Universal Render Pipeline/Particles/SimpleLit' not found
Refreshing native plugins compatible for Editor in 0.60 ms, found 0 plugins.
Preloading 0 native plugins for Editor in 0.00 ms.
Unloading 3178 Unused Serialized files (Serialized files now loaded: 0)
System memory in use before: 167.5 MB.
System memory in use after: 167.4 MB.

Unloading 15 unused Assets to reduce memory usage. Loaded Objects now: 3807.
Total: 2.378800 ms (FindLiveObjects: 0.308600 ms CreateObjectMapping: 0.080500 ms MarkObjects: 1.798000 ms  DeleteObjects: 0.190700 ms)

========================================================================
Received Import Request.
  Time since last request: 108.246365 seconds.
  path: Assets/Scenes/Main Menu.unity
  artifactKey: Guid(3575a4807014e2a448c517a3e5bf5ca1) Importer(815301076,1909f56bfc062723c751e8b465ee728b)
Start importing Assets/Scenes/Main Menu.unity using Guid(3575a4807014e2a448c517a3e5bf5ca1) Importer(815301076,1909f56bfc062723c751e8b465ee728b)  -> (artifact id: 'feaaaaf50dd0e66623172377296466af') in 0.049247 seconds
  Import took 0.054215 seconds .

========================================================================
Received Prepare
Registering precompiled user dll's ...
Registered in 0.001444 seconds.
Begin MonoManager ReloadAssembly
Native extension for WindowsStandalone target not found
Native extension for WebGL target not found
Refreshing native plugins compatible for Editor in 0.67 ms, found 0 plugins.
Preloading 0 native plugins for Editor in 0.00 ms.
Invoked RoslynAnalysisRunner static constructor.
RoslynAnalysisRunner will not be running.
RoslynAnalysisRunner has terminated.
Mono: successfully reloaded assembly
- Completed reload, in  0.760 seconds
Platform modules already initialized, skipping
Shader 'Universal Render Pipeline/Particles/Lit': fallback shader 'Universal Render Pipeline/Particles/SimpleLit' not found
Refreshing native plugins compatible for Editor in 0.59 ms, found 0 plugins.
Preloading 0 native plugins for Editor in 0.00 ms.
Unloading 3178 Unused Serialized files (Serialized files now loaded: 0)
System memory in use before: 167.5 MB.
System memory in use after: 167.4 MB.

Unloading 15 unused Assets to reduce memory usage. Loaded Objects now: 3810.
Total: 2.620700 ms (FindLiveObjects: 0.411200 ms CreateObjectMapping: 0.075300 ms MarkObjects: 1.926800 ms  DeleteObjects: 0.206300 ms)

========================================================================
Received Import Request.
  Time since last request: 7.783930 seconds.
  path: Assets/Scenes/EndCredits.unity
  artifactKey: Guid(3575a4807014e2a448c517a3e5bf5ca1) Importer(815301076,1909f56bfc062723c751e8b465ee728b)
Start importing Assets/Scenes/EndCredits.unity using Guid(3575a4807014e2a448c517a3e5bf5ca1) Importer(815301076,1909f56bfc062723c751e8b465ee728b)  -> (artifact id: '9d2552e0cde5e3519aad24978d1a04eb') in 0.047688 seconds
  Import took 0.052737 seconds .

========================================================================
Received Import Request.
  Time since last request: 4.771042 seconds.
  path: Assets/Scenes/Main Menu.unity
  artifactKey: Guid(138b3ca99d79d734c94a229098936ff2) Importer(815301076,1909f56bfc062723c751e8b465ee728b)
Start importing Assets/Scenes/Main Menu.unity using Guid(138b3ca99d79d734c94a229098936ff2) Importer(815301076,1909f56bfc062723c751e8b465ee728b)  -> (artifact id: 'ad1af6d88f93c6050707c33f7b3b5b6a') in 0.002125 seconds
  Import took 0.006657 seconds .

========================================================================
Received Prepare
Registering precompiled user dll's ...
Registered in 0.001310 seconds.
Begin MonoManager ReloadAssembly
Native extension for WindowsStandalone target not found
Native extension for WebGL target not found
Refreshing native plugins compatible for Editor in 0.60 ms, found 0 plugins.
Preloading 0 native plugins for Editor in 0.00 ms.
Invoked RoslynAnalysisRunner static constructor.
RoslynAnalysisRunner will not be running.
RoslynAnalysisRunner has terminated.
Mono: successfully reloaded assembly
- Completed reload, in  0.769 seconds
Platform modules already initialized, skipping
Shader 'Universal Render Pipeline/Particles/Lit': fallback shader 'Universal Render Pipeline/Particles/SimpleLit' not found
Refreshing native plugins compatible for Editor in 0.61 ms, found 0 plugins.
Preloading 0 native plugins for Editor in 0.00 ms.
Unloading 3178 Unused Serialized files (Serialized files now loaded: 0)
System memory in use before: 167.6 MB.
System memory in use after: 167.5 MB.

Unloading 15 unused Assets to reduce memory usage. Loaded Objects now: 3813.
Total: 2.379800 ms (FindLiveObjects: 0.286400 ms CreateObjectMapping: 0.086000 ms MarkObjects: 1.814800 ms  DeleteObjects: 0.191900 ms)

========================================================================
Received Prepare
Registering precompiled user dll's ...
Registered in 0.001396 seconds.
Begin MonoManager ReloadAssembly
Native extension for WindowsStandalone target not found
Native extension for WebGL target not found
Refreshing native plugins compatible for Editor in 0.60 ms, found 0 plugins.
Preloading 0 native plugins for Editor in 0.00 ms.
Invoked RoslynAnalysisRunner static constructor.
RoslynAnalysisRunner will not be running.
RoslynAnalysisRunner has terminated.
Mono: successfully reloaded assembly
- Completed reload, in  0.749 seconds
Platform modules already initialized, skipping
Shader 'Universal Render Pipeline/Particles/Lit': fallback shader 'Universal Render Pipeline/Particles/SimpleLit' not found
Refreshing native plugins compatible for Editor in 0.62 ms, found 0 plugins.
Preloading 0 native plugins for Editor in 0.00 ms.
Unloading 3178 Unused Serialized files (Serialized files now loaded: 0)
System memory in use before: 167.6 MB.
System memory in use after: 167.5 MB.

Unloading 15 unused Assets to reduce memory usage. Loaded Objects now: 3816.
Total: 3.574000 ms (FindLiveObjects: 0.433000 ms CreateObjectMapping: 0.092600 ms MarkObjects: 2.812100 ms  DeleteObjects: 0.234400 ms)

========================================================================
Received Prepare
Registering precompiled user dll's ...
Registered in 0.001295 seconds.
Begin MonoManager ReloadAssembly
Native extension for WindowsStandalone target not found
Native extension for WebGL target not found
Refreshing native plugins compatible for Editor in 0.59 ms, found 0 plugins.
Preloading 0 native plugins for Editor in 0.00 ms.
Invoked RoslynAnalysisRunner static constructor.
RoslynAnalysisRunner will not be running.
RoslynAnalysisRunner has terminated.
Mono: successfully reloaded assembly
- Completed reload, in  0.761 seconds
Platform modules already initialized, skipping
Shader 'Universal Render Pipeline/Particles/Lit': fallback shader 'Universal Render Pipeline/Particles/SimpleLit' not found
Refreshing native plugins compatible for Editor in 0.62 ms, found 0 plugins.
Preloading 0 native plugins for Editor in 0.00 ms.
Unloading 3178 Unused Serialized files (Serialized files now loaded: 0)
System memory in use before: 167.6 MB.
System memory in use after: 167.5 MB.

Unloading 15 unused Assets to reduce memory usage. Loaded Objects now: 3819.
Total: 2.930400 ms (FindLiveObjects: 0.345400 ms CreateObjectMapping: 0.073900 ms MarkObjects: 2.267500 ms  DeleteObjects: 0.242700 ms)

========================================================================
Received Prepare
Shader 'Universal Render Pipeline/Particles/Lit': fallback shader 'Universal Render Pipeline/Particles/SimpleLit' not found
Refreshing native plugins compatible for Editor in 1.24 ms, found 0 plugins.
Preloading 0 native plugins for Editor in 0.00 ms.
Unloading 12 Unused Serialized files (Serialized files now loaded: 0)
System memory in use before: 105.1 MB.
System memory in use after: 105.0 MB.

Unloading 12 unused Assets to reduce memory usage. Loaded Objects now: 3819.
Total: 2.559300 ms (FindLiveObjects: 0.371300 ms CreateObjectMapping: 0.087300 ms MarkObjects: 1.892500 ms  DeleteObjects: 0.207400 ms)

========================================================================
Received Prepare
Registering precompiled user dll's ...
Registered in 0.001222 seconds.
Begin MonoManager ReloadAssembly
Native extension for WindowsStandalone target not found
Native extension for WebGL target not found
Refreshing native plugins compatible for Editor in 0.59 ms, found 0 plugins.
Preloading 0 native plugins for Editor in 0.00 ms.
Invoked RoslynAnalysisRunner static constructor.
RoslynAnalysisRunner will not be running.
RoslynAnalysisRunner has terminated.
Mono: successfully reloaded assembly
- Completed reload, in  0.765 seconds
Platform modules already initialized, skipping
Shader 'Universal Render Pipeline/Particles/Lit': fallback shader 'Universal Render Pipeline/Particles/SimpleLit' not found
Refreshing native plugins compatible for Editor in 0.66 ms, found 0 plugins.
Preloading 0 native plugins for Editor in 0.00 ms.
Unloading 3178 Unused Serialized files (Serialized files now loaded: 0)
System memory in use before: 166.9 MB.
System memory in use after: 166.8 MB.

Unloading 15 unused Assets to reduce memory usage. Loaded Objects now: 3822.
Total: 3.082400 ms (FindLiveObjects: 0.605800 ms CreateObjectMapping: 0.116700 ms MarkObjects: 2.134900 ms  DeleteObjects: 0.223600 ms)

========================================================================
Received Prepare
Shader 'Universal Render Pipeline/Particles/Lit': fallback shader 'Universal Render Pipeline/Particles/SimpleLit' not found
Refreshing native plugins compatible for Editor in 1.57 ms, found 0 plugins.
Preloading 0 native plugins for Editor in 0.00 ms.
Unloading 12 Unused Serialized files (Serialized files now loaded: 0)
System memory in use before: 104.4 MB.
System memory in use after: 104.3 MB.

Unloading 12 unused Assets to reduce memory usage. Loaded Objects now: 3822.
Total: 2.559200 ms (FindLiveObjects: 0.379400 ms CreateObjectMapping: 0.085400 ms MarkObjects: 1.888100 ms  DeleteObjects: 0.205200 ms)

========================================================================
Received Prepare
Shader 'Universal Render Pipeline/Particles/Lit': fallback shader 'Universal Render Pipeline/Particles/SimpleLit' not found
Refreshing native plugins compatible for Editor in 1.25 ms, found 0 plugins.
Preloading 0 native plugins for Editor in 0.00 ms.
Unloading 12 Unused Serialized files (Serialized files now loaded: 0)
System memory in use before: 104.4 MB.
System memory in use after: 104.3 MB.

Unloading 12 unused Assets to reduce memory usage. Loaded Objects now: 3822.
Total: 3.377700 ms (FindLiveObjects: 0.405500 ms CreateObjectMapping: 0.095500 ms MarkObjects: 2.660400 ms  DeleteObjects: 0.215100 ms)

========================================================================
Received Prepare
Registering precompiled user dll's ...
Registered in 0.001226 seconds.
Begin MonoManager ReloadAssembly
Native extension for WindowsStandalone target not found
Native extension for WebGL target not found
Refreshing native plugins compatible for Editor in 0.59 ms, found 0 plugins.
Preloading 0 native plugins for Editor in 0.00 ms.
Invoked RoslynAnalysisRunner static constructor.
RoslynAnalysisRunner will not be running.
RoslynAnalysisRunner has terminated.
Mono: successfully reloaded assembly
- Completed reload, in  0.769 seconds
Platform modules already initialized, skipping
Shader 'Universal Render Pipeline/Particles/Lit': fallback shader 'Universal Render Pipeline/Particles/SimpleLit' not found
Refreshing native plugins compatible for Editor in 0.60 ms, found 0 plugins.
Preloading 0 native plugins for Editor in 0.00 ms.
Unloading 3178 Unused Serialized files (Serialized files now loaded: 0)
System memory in use before: 166.9 MB.
System memory in use after: 166.9 MB.

Unloading 15 unused Assets to reduce memory usage. Loaded Objects now: 3825.
Total: 3.053000 ms (FindLiveObjects: 0.355400 ms CreateObjectMapping: 0.086000 ms MarkObjects: 2.396900 ms  DeleteObjects: 0.213400 ms)

========================================================================
Received Prepare
Registering precompiled user dll's ...
Registered in 0.001203 seconds.
Begin MonoManager ReloadAssembly
Native extension for WindowsStandalone target not found
Native extension for WebGL target not found
Refreshing native plugins compatible for Editor in 1.17 ms, found 0 plugins.
Preloading 0 native plugins for Editor in 0.00 ms.
Invoked RoslynAnalysisRunner static constructor.
RoslynAnalysisRunner will not be running.
RoslynAnalysisRunner has terminated.
Mono: successfully reloaded assembly
- Completed reload, in  0.866 seconds
Platform modules already initialized, skipping
Shader 'Universal Render Pipeline/Particles/Lit': fallback shader 'Universal Render Pipeline/Particles/SimpleLit' not found
Refreshing native plugins compatible for Editor in 0.60 ms, found 0 plugins.
Preloading 0 native plugins for Editor in 0.00 ms.
Unloading 3178 Unused Serialized files (Serialized files now loaded: 0)
System memory in use before: 167.6 MB.
System memory in use after: 167.5 MB.

Unloading 15 unused Assets to reduce memory usage. Loaded Objects now: 3828.
Total: 2.507600 ms (FindLiveObjects: 0.338200 ms CreateObjectMapping: 0.094400 ms MarkObjects: 1.880800 ms  DeleteObjects: 0.193000 ms)

========================================================================
Received Prepare
Shader 'Universal Render Pipeline/Particles/Lit': fallback shader 'Universal Render Pipeline/Particles/SimpleLit' not found
Refreshing native plugins compatible for Editor in 1.22 ms, found 0 plugins.
Preloading 0 native plugins for Editor in 0.00 ms.
Unloading 12 Unused Serialized files (Serialized files now loaded: 0)
System memory in use before: 105.1 MB.
System memory in use after: 105.0 MB.

Unloading 12 unused Assets to reduce memory usage. Loaded Objects now: 3828.
Total: 3.149300 ms (FindLiveObjects: 0.371700 ms CreateObjectMapping: 0.084100 ms MarkObjects: 2.479900 ms  DeleteObjects: 0.212100 ms)

========================================================================
Received Import Request.
  Time since last request: 1735.561340 seconds.
  path: Assets/Scenes/Screenshot (273).png
  artifactKey: Guid(8faa929223bcc414fb0a8d416c9cef40) Importer(815301076,1909f56bfc062723c751e8b465ee728b)
Start importing Assets/Scenes/Screenshot (273).png using Guid(8faa929223bcc414fb0a8d416c9cef40) Importer(815301076,1909f56bfc062723c751e8b465ee728b)  -> (artifact id: '126e5826273b5fe918afab06cff451d1') in 0.041570 seconds
  Import took 0.046672 seconds .

AssetImportWorkerClient::OnTransportError - code=2 error=End of file
